<?xml version="1.0" encoding="UTF-8"?>
<testsuite xmlns:xsi="http://www.w3.org/2001/XMLSchema-instance" xsi:noNamespaceSchemaLocation="https://maven.apache.org/surefire/maven-surefire-plugin/xsd/surefire-test-report-3.0.xsd" version="3.0" name="com.fidelity.services.PalindromeCheckTest" time="0.136" tests="9" errors="0" skipped="0" failures="0">
  <properties>
[...]
</properties>
  <testcase name="testIsPalindrome(String)[1]" classname="com.fidelity.services.PalindromeCheckTest" time="0.031"/>
  <testcase name="testIsPalindrome(String)[2]" classname="com.fidelity.services.PalindromeCheckTest" time="0.002"/>
  <testcase name="testIsPalindrome(String)[3]" classname="com.fidelity.services.PalindromeCheckTest" time="0.001"/>
  <testcase name="testIsPalindrome(String)[4]" classname="com.fidelity.services.PalindromeCheckTest" time="0.001"/>
  <testcase name="testIsPalindrome(String)[5]" classname="com.fidelity.services.PalindromeCheckTest" time="0.001"/>
  <testcase name="testIsPalindrome(String)[6]" classname="com.fidelity.services.PalindromeCheckTest" time="0.001"/>
  <testcase name="testIsPalindrome1(String)[1]" classname="com.fidelity.services.PalindromeCheckTest" time="0.002"/>
  <testcase name="testIsPalindrome1(String)[2]" classname="com.fidelity.services.PalindromeCheckTest" time="0.002"/>
  <testcase name="testIsPalindrome1(String)[3]" classname="com.fidelity.services.PalindromeCheckTest" time="0.001"/>
</testsuite>